samples/simplevideowidget/build/outputs/logs/manifest-merger-debug-report.txt
-- Merging decision tree log ---
manifest
ADDED from src\main\AndroidManifest.xml:2:1-25:12
	package
		ADDED from src\main\AndroidManifest.xml:3:11-64
	android:versionName
		INJECTED from src\main\AndroidManifest.xml
		INJECTED from src\main\AndroidManifest.xml
	xmlns:android
		ADDED from src\main\AndroidManifest.xml:2:11-69
	android:versionCode
		INJECTED from src\main\AndroidManifest.xml
		INJECTED from src\main\AndroidManifest.xml
uses-sdk
ADDED from src\main\AndroidManifest.xml:4:5-74
MERGED from [gvr:libraries-common:unspecified] AndroidManifest.xml:5:5-7:41
MERGED from [gvr:libraries-commonwidget:unspecified] AndroidManifest.xml:3:5-73
MERGED from [gvr:libraries-videowidget:unspecified] AndroidManifest.xml:5:5-7:41
	android:targetSdkVersion
		ADDED from src\main\AndroidManifest.xml:4:42-71
		INJECTED from src\main\AndroidManifest.xml
		INJECTED from src\main\AndroidManifest.xml
	android:minSdkVersion
		ADDED from src\main\AndroidManifest.xml:4:15-41
		INJECTED from src\main\AndroidManifest.xml
		INJECTED from src\main\AndroidManifest.xml
application
ADDED from src\main\AndroidManifest.xml:7:5-20:19
	android:label
		ADDED from src\main\AndroidManifest.xml:7:18-55
	android:largeHeap
		ADDED from src\main\AndroidManifest.xml:8:7-31
	android:theme
		ADDED from src\main\AndroidManifest.xml:9:7-54
activity#com.google.vr.sdk.samples.simplevideowidget.SimpleVrVideoActivity
ADDED from src\main\AndroidManifest.xml:11:9-19:20
	android:launchMode
		ADDED from src\main\AndroidManifest.xml:12:11-42
	android:name
		ADDED from src\main\AndroidManifest.xml:11:19-56
intent-filter#android.intent.action.MAIN+android.intent.category.LAUNCHER+com.google.intent.category.CARDBOARD
ADDED from src\main\AndroidManifest.xml:13:13-18:29
action#android.intent.action.MAIN
ADDED from src\main\AndroidManifest.xml:15:17-69
	android:name
		ADDED from src\main\AndroidManifest.xml:15:25-66
category#android.intent.category.LAUNCHER
ADDED from src\main\AndroidManifest.xml:16:17-77
	android:name
		ADDED from src\main\AndroidManifest.xml:16:27-74
category#com.google.intent.category.CARDBOARD
ADDED from src\main\AndroidManifest.xml:17:17-81
	android:name
		ADDED from src\main\AndroidManifest.xml:17:27-78
uses-permission#android.permission.INTERNET
ADDED from src\main\AndroidManifest.xml:23:5-67
	android:name
		ADDED from src\main\AndroidManifest.xml:23:22-64
uses-permission#android.permission.READ_EXTERNAL_STORAGE
ADDED from src\main\AndroidManifest.xml:24:5-80
	android:name
		ADDED from src\main\AndroidManifest.xml:24:22-77